[01m[K/home/edvin/ros2_ws/src/my_ros_package/src/DisparityToPointCloud.cpp:[m[K In member function â€˜[01m[KSimplePointCloud DisparityToPointCloud::ConvertToPointCloud(const std::vector<short unsigned int>&, int, int)[m[Kâ€™:
[01m[K/home/edvin/ros2_ws/src/my_ros_package/src/DisparityToPointCloud.cpp:14:36:[m[K [01;31m[Kerror: [m[Kâ€˜[01m[KrawDisparityValue[m[Kâ€™ was not declared in this scope; did you mean â€˜[01m[KrawDisparity[m[Kâ€™?
   14 |                 float disparity = ([01;31m[KrawDisparityValue[m[K & 0x0fff) / 32.0f;
      |                                    [01;31m[K^~~~~~~~~~~~~~~~~[m[K
      |                                    [32m[KrawDisparity[m[K
[01m[K/home/edvin/ros2_ws/src/my_ros_package/src/DisparityToPointCloud.cpp:16:21:[m[K [01;31m[Kerror: [m[Kâ€˜[01m[Kdisparity_value[m[Kâ€™ was not declared in this scope; did you mean â€˜[01m[Kdisparity_data[m[Kâ€™?
   16 |                 if ([01;31m[Kdisparity_value[m[K == 0.0) continue;
      |                     [01;31m[K^~~~~~~~~~~~~~~[m[K
      |                     [32m[Kdisparity_data[m[K
[01m[K/home/edvin/ros2_ws/src/my_ros_package/src/DisparityToPointCloud.cpp:19:50:[m[K [01;31m[Kerror: [m[Kâ€˜[01m[Kdisparity_value[m[Kâ€™ was not declared in this scope; did you mean â€˜[01m[Kdisparity_data[m[Kâ€™?
   19 |                 double depth = fx_ * baseline_ / [01;31m[Kdisparity_value[m[K;
      |                                                  [01;31m[K^~~~~~~~~~~~~~~[m[K
      |                                                  [32m[Kdisparity_data[m[K
[01m[K/home/edvin/ros2_ws/src/my_ros_package/src/DisparityToPointCloud.cpp:13:26:[m[K [01;35m[Kwarning: [m[Kunused variable â€˜[01m[KrawDisparity[m[Kâ€™ [[01;35m[K]8;;https://gcc.gnu.org/onlinedocs/gcc/Warning-Options.html#index-Wunused-variable-Wunused-variable]8;;[m[K]
   13 |                 uint16_t [01;35m[KrawDisparity[m[K = disparity_data[v * width + u];
      |                          [01;35m[K^~~~~~~~~~~~[m[K
[01m[K/home/edvin/ros2_ws/src/my_ros_package/src/DisparityToPointCloud.cpp:14:23:[m[K [01;35m[Kwarning: [m[Kunused variable â€˜[01m[Kdisparity[m[Kâ€™ [[01;35m[K]8;;https://gcc.gnu.org/onlinedocs/gcc/Warning-Options.html#index-Wunused-variable-Wunused-variable]8;;[m[K]
   14 |                 float [01;35m[Kdisparity[m[K = (rawDisparityValue & 0x0fff) / 32.0f;
      |                       [01;35m[K^~~~~~~~~[m[K
gmake[2]: *** [CMakeFiles/disparity_processing_node.dir/build.make:90: CMakeFiles/disparity_processing_node.dir/src/DisparityToPointCloud.cpp.o] Error 1
gmake[1]: *** [CMakeFiles/Makefile2:165: CMakeFiles/disparity_processing_node.dir/all] Error 2
gmake: *** [Makefile:146: all] Error 2
