[0.043s] Invoking command in '/home/edvin/ros2_ws/build/my_ros_package': AMENT_PREFIX_PATH=/home/edvin/ros2_ws/install/custom_msgs:${AMENT_PREFIX_PATH} CMAKE_PREFIX_PATH=/home/edvin/ros2_ws/install/custom_msgs:/opt/ros/humble LD_LIBRARY_PATH=/home/edvin/ros2_ws/install/custom_msgs/lib:${LD_LIBRARY_PATH} PYTHONPATH=/home/edvin/ros2_ws/install/custom_msgs/local/lib/python3.10/dist-packages:${PYTHONPATH} /usr/bin/cmake /home/edvin/ros2_ws/src/my_ros_package -DCMAKE_INSTALL_PREFIX=/home/edvin/ros2_ws/install/my_ros_package
[0.093s] -- The C compiler identification is GNU 11.4.0
[0.145s] -- The CXX compiler identification is GNU 11.4.0
[0.152s] -- Detecting C compiler ABI info
[0.215s] -- Detecting C compiler ABI info - done
[0.221s] -- Check for working C compiler: /usr/bin/cc - skipped
[0.222s] -- Detecting C compile features
[0.222s] -- Detecting C compile features - done
[0.225s] -- Detecting CXX compiler ABI info
[0.316s] -- Detecting CXX compiler ABI info - done
[0.323s] -- Check for working CXX compiler: /usr/bin/c++ - skipped
[0.323s] -- Detecting CXX compile features
[0.324s] -- Detecting CXX compile features - done
[0.325s] -- Found ament_cmake: 1.3.6 (/opt/ros/humble/share/ament_cmake/cmake)
[0.477s] -- Found Python3: /usr/bin/python3.10 (found version "3.10.12") found components: Interpreter 
[0.559s] -- Found rclcpp: 16.0.7 (/opt/ros/humble/share/rclcpp/cmake)
[0.592s] -- Found rosidl_generator_c: 3.1.5 (/opt/ros/humble/share/rosidl_generator_c/cmake)
[0.596s] -- Found rosidl_adapter: 3.1.5 (/opt/ros/humble/share/rosidl_adapter/cmake)
[0.603s] -- Found rosidl_generator_cpp: 3.1.5 (/opt/ros/humble/share/rosidl_generator_cpp/cmake)
[0.616s] -- Using all available rosidl_typesupport_c: rosidl_typesupport_fastrtps_c;rosidl_typesupport_introspection_c
[0.635s] -- Using all available rosidl_typesupport_cpp: rosidl_typesupport_fastrtps_cpp;rosidl_typesupport_introspection_cpp
[0.697s] -- Found rmw_implementation_cmake: 6.1.1 (/opt/ros/humble/share/rmw_implementation_cmake/cmake)
[0.698s] -- Found rmw_fastrtps_cpp: 6.2.5 (/opt/ros/humble/share/rmw_fastrtps_cpp/cmake)
[0.802s] -- Found OpenSSL: /usr/lib/x86_64-linux-gnu/libcrypto.so (found version "3.0.2")  
[0.827s] -- Found FastRTPS: /opt/ros/humble/include  
[0.868s] -- Using RMW implementation 'rmw_fastrtps_cpp' as default
[0.876s] -- Looking for pthread.h
[0.943s] -- Looking for pthread.h - found
[0.944s] -- Performing Test CMAKE_HAVE_LIBC_PTHREAD
[1.016s] -- Performing Test CMAKE_HAVE_LIBC_PTHREAD - Success
[1.016s] -- Found Threads: TRUE  
[1.161s] -- Found custom_msgs: 0.0.0 (/home/edvin/ros2_ws/install/custom_msgs/share/custom_msgs/cmake)
[1.181s] -- Found OpenCV: /usr (found version "4.5.4") 
[1.184s] -- Found sensor_msgs: 4.2.3 (/opt/ros/humble/share/sensor_msgs/cmake)
[1.301s] -- Found ament_lint_auto: 0.12.9 (/opt/ros/humble/share/ament_lint_auto/cmake)
[1.369s] -- Added test 'cppcheck' to perform static code analysis on C / C++ code
[1.369s] -- Configured cppcheck include dirs: 
[1.369s] -- Configured cppcheck exclude dirs and/or files: 
[1.370s] -- Added test 'lint_cmake' to check CMake code style
[1.371s] -- Added test 'uncrustify' to check C / C++ code style
[1.371s] -- Configured uncrustify additional arguments: 
[1.371s] -- Added test 'xmllint' to check XML markup files
[1.374s] -- Configuring done
[1.387s] -- Generating done
[1.389s] -- Build files have been written to: /home/edvin/ros2_ws/build/my_ros_package
[1.399s] Invoked command in '/home/edvin/ros2_ws/build/my_ros_package' returned '0': AMENT_PREFIX_PATH=/home/edvin/ros2_ws/install/custom_msgs:${AMENT_PREFIX_PATH} CMAKE_PREFIX_PATH=/home/edvin/ros2_ws/install/custom_msgs:/opt/ros/humble LD_LIBRARY_PATH=/home/edvin/ros2_ws/install/custom_msgs/lib:${LD_LIBRARY_PATH} PYTHONPATH=/home/edvin/ros2_ws/install/custom_msgs/local/lib/python3.10/dist-packages:${PYTHONPATH} /usr/bin/cmake /home/edvin/ros2_ws/src/my_ros_package -DCMAKE_INSTALL_PREFIX=/home/edvin/ros2_ws/install/my_ros_package
[1.401s] Invoking command in '/home/edvin/ros2_ws/build/my_ros_package': AMENT_PREFIX_PATH=/home/edvin/ros2_ws/install/custom_msgs:${AMENT_PREFIX_PATH} CMAKE_PREFIX_PATH=/home/edvin/ros2_ws/install/custom_msgs:/opt/ros/humble LD_LIBRARY_PATH=/home/edvin/ros2_ws/install/custom_msgs/lib:${LD_LIBRARY_PATH} PYTHONPATH=/home/edvin/ros2_ws/install/custom_msgs/local/lib/python3.10/dist-packages:${PYTHONPATH} /usr/bin/cmake --build /home/edvin/ros2_ws/build/my_ros_package -- -j8 -l8
[1.449s] [ 75%] [32mBuilding CXX object CMakeFiles/disparity_processing_node.dir/src/DisparityToPointCloud.cpp.o[0m
[1.449s] [ 75%] [32mBuilding CXX object CMakeFiles/disparity_processing_node.dir/src/DisparityProcessingNode.cpp.o[0m
[1.449s] [ 75%] [32mBuilding CXX object CMakeFiles/disparity_processing_node.dir/src/GridMap.cpp.o[0m
[1.716s] [01m[K/home/edvin/ros2_ws/src/my_ros_package/src/DisparityProcessingNode.cpp:10:10:[m[K [01;31m[Kfatal error: [m[Ksensor_msgs/msg/Image.hpp: No such file or directory
[1.716s]    10 | #include [01;31m[K<sensor_msgs/msg/Image.hpp>[m[K
[1.716s]       |          [01;31m[K^~~~~~~~~~~~~~~~~~~~~~~~~~~[m[K
[1.716s] compilation terminated.
[1.721s] gmake[2]: *** [CMakeFiles/disparity_processing_node.dir/build.make:76: CMakeFiles/disparity_processing_node.dir/src/DisparityProcessingNode.cpp.o] Error 1
[1.721s] gmake[2]: *** Waiting for unfinished jobs....
[2.632s] [01m[K/home/edvin/ros2_ws/src/my_ros_package/src/GridMap.cpp:[m[K In member function â€˜[01m[Kint GridMap::findMaxCountCell(float, const std::vector<float>&)[m[Kâ€™:
[2.633s] [01m[K/home/edvin/ros2_ws/src/my_ros_package/src/GridMap.cpp:103:37:[m[K [01;35m[Kwarning: [m[Kunused parameter â€˜[01m[Kbeta_r[m[Kâ€™ [[01;35m[K]8;;https://gcc.gnu.org/onlinedocs/gcc/Warning-Options.html#index-Wunused-parameter-Wunused-parameter]8;;[m[K]
[2.633s]   103 | int GridMap::findMaxCountCell([01;35m[Kfloat beta_r[m[K, const std::vector<float>& ar_values) {
[2.633s]       |                               [01;35m[K~~~~~~^~~~~~[m[K
[2.633s] [01m[K/home/edvin/ros2_ws/src/my_ros_package/src/GridMap.cpp:103:71:[m[K [01;35m[Kwarning: [m[Kunused parameter â€˜[01m[Kar_values[m[Kâ€™ [[01;35m[K]8;;https://gcc.gnu.org/onlinedocs/gcc/Warning-Options.html#index-Wunused-parameter-Wunused-parameter]8;;[m[K]
[2.633s]   103 | int GridMap::findMaxCountCell(float beta_r, [01;35m[Kconst std::vector<float>& ar_values[m[K) {
[2.633s]       |                                             [01;35m[K~~~~~~~~~~~~~~~~~~~~~~~~~~^~~~~~~~~[m[K
[2.633s] [01m[K/home/edvin/ros2_ws/src/my_ros_package/src/GridMap.cpp:[m[K In member function â€˜[01m[Kvoid GridMap::adjustGridsByOccupancy(float, const std::vector<float>&)[m[Kâ€™:
[2.633s] [01m[K/home/edvin/ros2_ws/src/my_ros_package/src/GridMap.cpp:121:19:[m[K [01;35m[Kwarning: [m[Kunused variable â€˜[01m[Kbi[m[Kâ€™ [[01;35m[K]8;;https://gcc.gnu.org/onlinedocs/gcc/Warning-Options.html#index-Wunused-variable-Wunused-variable]8;;[m[K]
[2.633s]   121 |             float [01;35m[Kbi[m[K = ar_values[i] * cells[i][j].averageHeight / resolution_;
[2.633s]       |                   [01;35m[K^~[m[K
[2.633s] [01m[K/home/edvin/ros2_ws/src/my_ros_package/src/GridMap.cpp:118:44:[m[K [01;35m[Kwarning: [m[Kunused parameter â€˜[01m[Kbeta_r[m[Kâ€™ [[01;35m[K]8;;https://gcc.gnu.org/onlinedocs/gcc/Warning-Options.html#index-Wunused-parameter-Wunused-parameter]8;;[m[K]
[2.633s]   118 | void GridMap::adjustGridsByOccupancy([01;35m[Kfloat beta_r[m[K, const std::vector<float>& ar_values) {
[2.633s]       |                                      [01;35m[K~~~~~~^~~~~~[m[K
[3.222s] gmake[1]: *** [CMakeFiles/Makefile2:137: CMakeFiles/disparity_processing_node.dir/all] Error 2
[3.222s] gmake: *** [Makefile:146: all] Error 2
[3.226s] Invoked command in '/home/edvin/ros2_ws/build/my_ros_package' returned '2': AMENT_PREFIX_PATH=/home/edvin/ros2_ws/install/custom_msgs:${AMENT_PREFIX_PATH} CMAKE_PREFIX_PATH=/home/edvin/ros2_ws/install/custom_msgs:/opt/ros/humble LD_LIBRARY_PATH=/home/edvin/ros2_ws/install/custom_msgs/lib:${LD_LIBRARY_PATH} PYTHONPATH=/home/edvin/ros2_ws/install/custom_msgs/local/lib/python3.10/dist-packages:${PYTHONPATH} /usr/bin/cmake --build /home/edvin/ros2_ws/build/my_ros_package -- -j8 -l8
