[0.048s] Invoking command in '/home/edvin/ros2_ws/build/my_ros_package': AMENT_PREFIX_PATH=/home/edvin/ros2_ws/install/custom_msgs:${AMENT_PREFIX_PATH} CMAKE_PREFIX_PATH=/home/edvin/ros2_ws/install/custom_msgs:/opt/ros/humble LD_LIBRARY_PATH=/home/edvin/ros2_ws/install/custom_msgs/lib:${LD_LIBRARY_PATH} PYTHONPATH=/home/edvin/ros2_ws/install/custom_msgs/local/lib/python3.10/dist-packages:${PYTHONPATH} /usr/bin/cmake --build /home/edvin/ros2_ws/build/my_ros_package -- -j8 -l8
[0.088s] [35m[1mConsolidate compiler generated dependencies of target disparity_processing_node[0m
[0.103s] [ 25%] [32mBuilding CXX object CMakeFiles/disparity_processing_node.dir/src/DisparityProcessingNode.cpp.o[0m
[0.373s] [01m[K/home/edvin/ros2_ws/src/my_ros_package/src/DisparityProcessingNode.cpp:11:10:[m[K [01;31m[Kfatal error: [m[Kcv_bridge/cv_bridge.h: No such file or directory
[0.373s]    11 | #include [01;31m[K<cv_bridge/cv_bridge.h>[m[K
[0.373s]       |          [01;31m[K^~~~~~~~~~~~~~~~~~~~~~~[m[K
[0.373s] compilation terminated.
[0.377s] gmake[2]: *** [CMakeFiles/disparity_processing_node.dir/build.make:76: CMakeFiles/disparity_processing_node.dir/src/DisparityProcessingNode.cpp.o] Error 1
[0.377s] gmake[1]: *** [CMakeFiles/Makefile2:137: CMakeFiles/disparity_processing_node.dir/all] Error 2
[0.378s] gmake: *** [Makefile:146: all] Error 2
[0.380s] Invoked command in '/home/edvin/ros2_ws/build/my_ros_package' returned '2': AMENT_PREFIX_PATH=/home/edvin/ros2_ws/install/custom_msgs:${AMENT_PREFIX_PATH} CMAKE_PREFIX_PATH=/home/edvin/ros2_ws/install/custom_msgs:/opt/ros/humble LD_LIBRARY_PATH=/home/edvin/ros2_ws/install/custom_msgs/lib:${LD_LIBRARY_PATH} PYTHONPATH=/home/edvin/ros2_ws/install/custom_msgs/local/lib/python3.10/dist-packages:${PYTHONPATH} /usr/bin/cmake --build /home/edvin/ros2_ws/build/my_ros_package -- -j8 -l8
